C:\UADE\GPENGINE\DEBUG\GPENGINE.PCH
C:\UADE\GPENGINE\DEBUG\STDAFX.OBJ
C:\UADE\GPENGINE\DEBUG\VC110.PDB
C:\UADE\GPENGINE\DEBUG\BODY.OBJ
C:\UADE\GPENGINE\DEBUG\COLLISION.OBJ
C:\UADE\GPENGINE\DEBUG\CONSTRAINT.OBJ
C:\UADE\GPENGINE\DEBUG\CONTACT.OBJ
C:\UADE\GPENGINE\DEBUG\GPENGINE.OBJ
C:\UADE\GPENGINE\DEBUG\GPENGINEDOC.OBJ
C:\UADE\GPENGINE\DEBUG\GPENGINEVIEW.OBJ
C:\UADE\GPENGINE\DEBUG\GPE_MATH.OBJ
C:\UADE\GPENGINE\DEBUG\MAINFRM.OBJ
C:\UADE\GPENGINE\DEBUG\WORLD.OBJ
C:\UADE\GPENGINE\DEBUG\GPENGINE.ILK
C:\UADE\GPENGINE\DEBUG\GPENGINE.EXE
C:\UADE\GPENGINE\DEBUG\GPENGINE.PDB
C:\UADE\GPENGINE\DEBUG\GPENGINE.RES
C:\uade\GPEngine\Debug\body.obj
C:\uade\GPEngine\Debug\ClassView.obj
C:\uade\GPEngine\Debug\collision.obj
C:\uade\GPEngine\Debug\constraint.obj
C:\uade\GPEngine\Debug\contact.obj
C:\uade\GPEngine\Debug\FileView.obj
C:\uade\GPEngine\Debug\GPEngine.obj
C:\uade\GPEngine\Debug\GPEngineDoc.obj
C:\uade\GPEngine\Debug\GPEngineView.obj
C:\uade\GPEngine\Debug\gpe_math.obj
C:\uade\GPEngine\Debug\MainFrm.obj
C:\uade\GPEngine\Debug\OutputWnd.obj
C:\uade\GPEngine\Debug\PropertiesWnd.obj
C:\uade\GPEngine\Debug\stdafx.obj
C:\uade\GPEngine\Debug\ViewTree.obj
C:\uade\GPEngine\Debug\world.obj
C:\uade\GPEngine\Debug\GPEngine.ilk
C:\uade\GPEngine\Debug\cl.command.1.tlog
C:\uade\GPEngine\Debug\CL.read.1.tlog
C:\uade\GPEngine\Debug\CL.write.1.tlog
C:\uade\GPEngine\Debug\link-cvtres.read.1.tlog
C:\uade\GPEngine\Debug\link-cvtres.write.1.tlog
C:\uade\GPEngine\Debug\link-mt.read.1.tlog
C:\uade\GPEngine\Debug\link-mt.write.1.tlog
C:\uade\GPEngine\Debug\link-rc.read.1.tlog
C:\uade\GPEngine\Debug\link-rc.write.1.tlog
C:\uade\GPEngine\Debug\link.1124-cvtres.read.1.tlog
C:\uade\GPEngine\Debug\link.1124-cvtres.write.1.tlog
C:\uade\GPEngine\Debug\link.1124-mt.read.1.tlog
C:\uade\GPEngine\Debug\link.1124-mt.write.1.tlog
C:\uade\GPEngine\Debug\link.1124-rc.read.1.tlog
C:\uade\GPEngine\Debug\link.1124-rc.write.1.tlog
C:\uade\GPEngine\Debug\link.1124.read.1.tlog
C:\uade\GPEngine\Debug\link.1124.write.1.tlog
C:\uade\GPEngine\Debug\link.3120-cvtres.read.1.tlog
C:\uade\GPEngine\Debug\link.3120-cvtres.write.1.tlog
C:\uade\GPEngine\Debug\link.3120-mt.read.1.tlog
C:\uade\GPEngine\Debug\link.3120-mt.write.1.tlog
C:\uade\GPEngine\Debug\link.3120-rc.read.1.tlog
C:\uade\GPEngine\Debug\link.3120-rc.write.1.tlog
C:\uade\GPEngine\Debug\link.3120.read.1.tlog
C:\uade\GPEngine\Debug\link.3120.write.1.tlog
C:\uade\GPEngine\Debug\link.4848-cvtres.read.1.tlog
C:\uade\GPEngine\Debug\link.4848-cvtres.write.1.tlog
C:\uade\GPEngine\Debug\link.4848-mt.read.1.tlog
C:\uade\GPEngine\Debug\link.4848-mt.write.1.tlog
C:\uade\GPEngine\Debug\link.4848-rc.read.1.tlog
C:\uade\GPEngine\Debug\link.4848-rc.write.1.tlog
C:\uade\GPEngine\Debug\link.4848.read.1.tlog
C:\uade\GPEngine\Debug\link.4848.write.1.tlog
C:\uade\GPEngine\Debug\link.5016-cvtres.read.1.tlog
C:\uade\GPEngine\Debug\link.5016-cvtres.write.1.tlog
C:\uade\GPEngine\Debug\link.5016-mt.read.1.tlog
C:\uade\GPEngine\Debug\link.5016-mt.write.1.tlog
C:\uade\GPEngine\Debug\link.5016-rc.read.1.tlog
C:\uade\GPEngine\Debug\link.5016-rc.write.1.tlog
C:\uade\GPEngine\Debug\link.5016.read.1.tlog
C:\uade\GPEngine\Debug\link.5016.write.1.tlog
C:\uade\GPEngine\Debug\link.5084-cvtres.read.1.tlog
C:\uade\GPEngine\Debug\link.5084-cvtres.write.1.tlog
C:\uade\GPEngine\Debug\link.5084-mt.read.1.tlog
C:\uade\GPEngine\Debug\link.5084-mt.write.1.tlog
C:\uade\GPEngine\Debug\link.5084-rc.read.1.tlog
C:\uade\GPEngine\Debug\link.5084-rc.write.1.tlog
C:\uade\GPEngine\Debug\link.5084.read.1.tlog
C:\uade\GPEngine\Debug\link.5084.write.1.tlog
C:\uade\GPEngine\Debug\link.5320-cvtres.read.1.tlog
C:\uade\GPEngine\Debug\link.5320-cvtres.write.1.tlog
C:\uade\GPEngine\Debug\link.5320-mt.read.1.tlog
C:\uade\GPEngine\Debug\link.5320-mt.write.1.tlog
C:\uade\GPEngine\Debug\link.5320-rc.read.1.tlog
C:\uade\GPEngine\Debug\link.5320-rc.write.1.tlog
C:\uade\GPEngine\Debug\link.5320.read.1.tlog
C:\uade\GPEngine\Debug\link.5320.write.1.tlog
C:\uade\GPEngine\Debug\link.5672-cvtres.read.1.tlog
C:\uade\GPEngine\Debug\link.5672-cvtres.write.1.tlog
C:\uade\GPEngine\Debug\link.5672-mt.read.1.tlog
C:\uade\GPEngine\Debug\link.5672-mt.write.1.tlog
C:\uade\GPEngine\Debug\link.5672-rc.read.1.tlog
C:\uade\GPEngine\Debug\link.5672-rc.write.1.tlog
C:\uade\GPEngine\Debug\link.5672.read.1.tlog
C:\uade\GPEngine\Debug\link.5672.write.1.tlog
C:\uade\GPEngine\Debug\link.command.1.tlog
C:\uade\GPEngine\Debug\link.read.1.tlog
C:\uade\GPEngine\Debug\link.write.1.tlog
C:\uade\GPEngine\Debug\rc.command.1.tlog
C:\uade\GPEngine\Debug\rc.read.1.tlog
C:\uade\GPEngine\Debug\rc.write.1.tlog
C:\uade\GPEngine\Debug\GPEngine.res
C:\uade\GPEngine\Debug\GPEngine.pch
C:\uade\GPEngine\Debug\vc110.idb
C:\uade\GPEngine\Debug\GPEngine.pdb
C:\uade\GPEngine\Debug\vc110.pdb
C:\uade\GPEngine\Debug\GPEngine.exe
